2025-09-28 18:34:21,419 [INFO] Activator:176 - 


2025-09-28 18:34:21,431 [INFO] Activator:177 - !SESSION log4j initialized
2025-09-28 18:34:32,142 [INFO] LogOutputStream:77 - [STDOUT_REDIRECT] 
2025-09-28 18:35:17,776 [INFO] ApplicationProperties:184 - Using Application install path: C:\ST\STM32CubeIDE_1.19.0\STM32CubeIDE\plugins\com.st.stm32cube.common.mx_6.15.0.202507011659
2025-09-28 18:35:17,813 [INFO] DbMcusXml:78 - Set database path to: C:\ST\STM32CubeIDE_1.19.0\STM32CubeIDE\plugins\com.st.stm32cube.common.mx_6.15.0.202507011659\\db\/mcu/
2025-09-28 18:35:17,814 [INFO] ApiDb:274 - Set plugin database path to: C:\ST\STM32CubeIDE_1.19.0\STM32CubeIDE\plugins\com.st.stm32cube.common.mx_6.15.0.202507011659\\db\/plugins/boardmanager/
2025-09-28 18:35:17,815 [WARN] ApiDb:259 - Overriding images path with different value:  => C:\ST\STM32CubeIDE_1.19.0\STM32CubeIDE\plugins\com.st.stm32cube.common.mx_6.15.0.202507011659\\db\/plugins/mcufinder/images/
2025-09-28 18:35:17,834 [INFO] ApiDb:250 - Set database path to: C:\Users\Sai\.stmcufinder\plugins\mcufinder//mcu/
2025-09-28 18:35:17,837 [INFO] DbMcusAds:125 - Set database path to: C:\Users\Sai\.stmcufinder\plugins\mcufinder//mcu/
2025-09-28 18:35:17,972 [INFO] CrossReferenceDbSqlite:203 - Set database path to: C:\Users\Sai\.stmcufinder\plugins\mcufinder//mcu/cs/
2025-09-28 18:35:18,252 [INFO] RulesReader:64 - Compatibility file has been processed (317 Rules)
2025-09-28 18:35:18,432 [INFO] DbMcusXml:78 - Set database path to: C:\ST\STM32CubeIDE_1.19.0\STM32CubeIDE\plugins\com.st.stm32cube.common.mx_6.15.0.202507011659\\db\/mcu/
2025-09-28 18:35:18,432 [INFO] ApiDb:274 - Set plugin database path to: C:\ST\STM32CubeIDE_1.19.0\STM32CubeIDE\plugins\com.st.stm32cube.common.mx_6.15.0.202507011659\\db\/plugins/boardmanager/
2025-09-28 18:35:18,433 [INFO] ApiDb:261 - Set plugin images path to: C:\ST\STM32CubeIDE_1.19.0\STM32CubeIDE\plugins\com.st.stm32cube.common.mx_6.15.0.202507011659\\db\/plugins/mcufinder/images/
2025-09-28 18:35:18,433 [WARN] DbFile:41 - Overriding database path with different value: C:\Users\Sai\.stmcufinder\plugins\mcufinder/ => C:\Users\Sai\.stmcufinder\plugins\mcufinder
2025-09-28 18:35:18,434 [INFO] ApiDb:250 - Set database path to: C:\Users\Sai\.stmcufinder\plugins\mcufinder//mcu/
2025-09-28 18:35:18,434 [WARN] DbFile:41 - Overriding database path with different value: C:\Users\Sai\.stmcufinder\plugins\mcufinder/ => C:\Users\Sai\.stmcufinder\plugins\mcufinder
2025-09-28 18:35:18,434 [INFO] DbMcusAds:125 - Set database path to: C:\Users\Sai\.stmcufinder\plugins\mcufinder//mcu/
2025-09-28 18:35:18,434 [WARN] DbFile:41 - Overriding database path with different value: C:\Users\Sai\.stmcufinder\plugins\mcufinder/ => C:\Users\Sai\.stmcufinder\plugins\mcufinder
2025-09-28 18:35:18,434 [WARN] DbFile:41 - Overriding database path with different value: C:\Users\Sai\.stmcufinder\plugins\mcufinder/ => C:\Users\Sai\.stmcufinder\plugins\mcufinder
2025-09-28 18:35:18,434 [INFO] CrossReferenceDbSqlite:203 - Set database path to: C:\Users\Sai\.stmcufinder\plugins\mcufinder//mcu/cs/
2025-09-28 18:35:18,614 [INFO] MainPanel:274 - HeapMemory: 268435456
2025-09-28 18:35:18,862 [INFO] DbMcusXml:78 - Set database path to: C:\ST\STM32CubeIDE_1.19.0\STM32CubeIDE\plugins\com.st.stm32cube.common.mx_6.15.0.202507011659\\db\/mcu/
2025-09-28 18:35:18,863 [INFO] ApiDb:274 - Set plugin database path to: C:\ST\STM32CubeIDE_1.19.0\STM32CubeIDE\plugins\com.st.stm32cube.common.mx_6.15.0.202507011659\\db\/plugins/boardmanager/
2025-09-28 18:35:18,863 [INFO] ApiDb:261 - Set plugin images path to: C:\ST\STM32CubeIDE_1.19.0\STM32CubeIDE\plugins\com.st.stm32cube.common.mx_6.15.0.202507011659\\db\/plugins/mcufinder/images/
2025-09-28 18:35:18,864 [WARN] DbFile:41 - Overriding database path with different value: C:\Users\Sai\.stmcufinder\plugins\mcufinder/ => C:\Users\Sai\.stmcufinder\plugins\mcufinder
2025-09-28 18:35:18,864 [INFO] ApiDb:250 - Set database path to: C:\Users\Sai\.stmcufinder\plugins\mcufinder//mcu/
2025-09-28 18:35:18,864 [WARN] DbFile:41 - Overriding database path with different value: C:\Users\Sai\.stmcufinder\plugins\mcufinder/ => C:\Users\Sai\.stmcufinder\plugins\mcufinder
2025-09-28 18:35:18,865 [INFO] DbMcusAds:125 - Set database path to: C:\Users\Sai\.stmcufinder\plugins\mcufinder//mcu/
2025-09-28 18:35:18,865 [WARN] DbFile:41 - Overriding database path with different value: C:\Users\Sai\.stmcufinder\plugins\mcufinder/ => C:\Users\Sai\.stmcufinder\plugins\mcufinder
2025-09-28 18:35:18,865 [WARN] DbFile:41 - Overriding database path with different value: C:\Users\Sai\.stmcufinder\plugins\mcufinder/ => C:\Users\Sai\.stmcufinder\plugins\mcufinder
2025-09-28 18:35:18,866 [INFO] CrossReferenceDbSqlite:203 - Set database path to: C:\Users\Sai\.stmcufinder\plugins\mcufinder//mcu/cs/
2025-09-28 18:35:18,904 [INFO] ApplicationProperties:184 - Using Application install path: C:\ST\STM32CubeIDE_1.19.0\STM32CubeIDE\plugins\com.st.stm32cube.common.mx_6.15.0.202507011659
2025-09-28 18:35:18,907 [INFO] PluginManage:196 - Search for loadable plugins [exclusion list=, ]
2025-09-28 18:35:18,910 [INFO] PluginManage:310 - Check plugin analytics
2025-09-28 18:35:19,369 [INFO] AnalyticsPlugin:253 - Accepted Software Licenses: 
2025-09-28 18:35:19,370 [INFO] AnalyticsPlugin:255 - Accepted CMSIS Pack Licenses: 
2025-09-28 18:35:19,371 [INFO] AnalyticsPlugin:257 - Accepted Firmware Licenses: FW.F4.1.28.0
2025-09-28 18:35:19,380 [INFO] PluginManage:359 - Loaded plugin analytics (category:tool,tabindex:-1)
2025-09-28 18:35:19,381 [INFO] PluginManage:310 - Check plugin cadmodel
2025-09-28 18:35:19,394 [INFO] CADModel:105 - Init CAD model plugin
2025-09-28 18:35:19,394 [INFO] PluginManage:359 - Loaded plugin cadmodel (category:power,tabindex:5)
2025-09-28 18:35:19,395 [INFO] PluginManage:310 - Check plugin clock
2025-09-28 18:35:19,418 [INFO] PluginManage:359 - Loaded plugin clock (category:base,tabindex:2)
2025-09-28 18:35:19,419 [INFO] PluginManage:310 - Check plugin ddr
2025-09-28 18:35:19,425 [INFO] PluginManage:359 - Loaded plugin ddr (category:tool,tabindex:6)
2025-09-28 18:35:19,425 [INFO] PluginManage:310 - Check plugin filemanager
2025-09-28 18:35:19,754 [INFO] PluginManage:359 - Loaded plugin filemanager (category:base,tabindex:10)
2025-09-28 18:35:19,754 [INFO] PluginManage:310 - Check plugin ipmanager
2025-09-28 18:35:19,769 [INFO] PluginManage:359 - Loaded plugin ipmanager (category:base,tabindex:5)
2025-09-28 18:35:19,770 [INFO] PluginManage:310 - Check plugin lpbam
2025-09-28 18:35:19,789 [INFO] PluginManage:359 - Loaded plugin lpbam (category:base,tabindex:0)
2025-09-28 18:35:19,789 [INFO] PluginManage:310 - Check plugin memorymap
2025-09-28 18:35:19,828 [INFO] PluginManage:359 - Loaded plugin memorymap (category:base,tabindex:4)
2025-09-28 18:35:19,828 [INFO] PluginManage:310 - Check plugin pinoutandconfiguration
2025-09-28 18:35:19,849 [INFO] PluginManage:359 - Loaded plugin pinoutandconfiguration (category:base,tabindex:1)
2025-09-28 18:35:19,849 [INFO] PluginManage:310 - Check plugin pinoutconfig
2025-09-28 18:35:20,041 [WARN] SupportedApi:132 - Cannot load RTOS API schema: s4s-elt-must-match.1: The content of 'definitions' must match (annotation?, (simpleType | complexType)?, (unique | key | keyref)*)). A problem was found starting at: attribute.
2025-09-28 18:35:20,346 [INFO] PluginManage:359 - Loaded plugin pinoutconfig (category:base,tabindex:0)
2025-09-28 18:35:20,346 [INFO] PluginManage:310 - Check plugin power
2025-09-28 18:35:20,365 [INFO] PluginManage:359 - Loaded plugin power (category:power,tabindex:4)
2025-09-28 18:35:20,366 [INFO] PluginManage:310 - Check plugin projectmanager
2025-09-28 18:35:20,403 [INFO] PluginManage:359 - Loaded plugin projectmanager (category:projectmanager,tabindex:4)
2025-09-28 18:35:20,403 [INFO] PluginManage:310 - Check plugin rif
2025-09-28 18:35:20,424 [INFO] PluginManage:359 - Loaded plugin rif (category:base,tabindex:3)
2025-09-28 18:35:20,425 [INFO] PluginManage:310 - Check plugin thirdparty
2025-09-28 18:35:20,702 [INFO] PluginManage:359 - Loaded plugin thirdparty (category:base,tabindex:-1)
2025-09-28 18:35:20,702 [WARN] IntegrityCheckThread:84 - waiting for thirdparty lock release [integrity check]
2025-09-28 18:35:20,703 [INFO] IntegrityCheckThread:86 - entering critical section [integrity check]
2025-09-28 18:35:20,703 [INFO] PluginManage:310 - Check plugin tools
2025-09-28 18:35:20,705 [INFO] ThirdPartyUpdaterWithRetryManager:70 - Updater plugin not ready yet. [1/15]
2025-09-28 18:35:20,709 [INFO] PluginManage:359 - Loaded plugin tools (category:base,tabindex:7)
2025-09-28 18:35:20,710 [INFO] PluginManage:310 - Check plugin tutovideos
2025-09-28 18:35:21,112 [INFO] PluginManage:359 - Loaded plugin tutovideos (category:base,tabindex:-1)
2025-09-28 18:35:21,112 [INFO] PluginManage:310 - Check plugin updater
2025-09-28 18:35:21,156 [INFO] PluginManage:359 - Loaded plugin updater (category:base,tabindex:12)
2025-09-28 18:35:21,156 [INFO] PluginManage:310 - Check plugin userauth
2025-09-28 18:35:21,164 [INFO] UserAuth:118 - Init User Auth plugin
2025-09-28 18:35:21,166 [INFO] PluginManage:359 - Loaded plugin userauth (category:base,tabindex:14)
2025-09-28 18:35:21,166 [INFO] PluginManage:283 - PluginManage : Loaded plugins [18]
2025-09-28 18:35:21,665 [INFO] PinOutPanel:1589 - setPackage(No Configuration,No Configuration)
2025-09-28 18:35:21,841 [INFO] CADModel:165 - CPN selected for project level
2025-09-28 18:35:21,841 [INFO] CADModel:114 - Register for checkConnection events
2025-09-28 18:35:21,874 [INFO] IPUIPlugin:80 - create IPUIPlugin
2025-09-28 18:35:21,875 [INFO] PluginManager:220 - loadIPPluginJar : add adc
2025-09-28 18:35:21,880 [INFO] IPUIPlugin:80 - create IPUIPlugin
2025-09-28 18:35:21,880 [INFO] PluginManager:220 - loadIPPluginJar : add aes
2025-09-28 18:35:21,886 [INFO] IPUIPlugin:80 - create IPUIPlugin
2025-09-28 18:35:21,887 [INFO] PluginManager:220 - loadIPPluginJar : add can
2025-09-28 18:35:21,890 [INFO] IPUIPlugin:80 - create IPUIPlugin
2025-09-28 18:35:21,890 [INFO] PluginManager:220 - loadIPPluginJar : add comp
2025-09-28 18:35:21,896 [INFO] IPUIPlugin:80 - create IPUIPlugin
2025-09-28 18:35:21,896 [INFO] PluginManager:220 - loadIPPluginJar : add cryp
2025-09-28 18:35:21,902 [INFO] IPUIPlugin:80 - create IPUIPlugin
2025-09-28 18:35:21,903 [INFO] PluginManager:220 - loadIPPluginJar : add ddr_ctrl_phy
2025-09-28 18:35:21,908 [INFO] IPUIPlugin:80 - create IPUIPlugin
2025-09-28 18:35:21,908 [INFO] PluginManager:220 - loadIPPluginJar : add dfsdm
2025-09-28 18:35:21,917 [INFO] IPUIPlugin:80 - create IPUIPlugin
2025-09-28 18:35:21,918 [INFO] PluginManager:220 - loadIPPluginJar : add dma
2025-09-28 18:35:21,923 [INFO] IPUIPlugin:80 - create IPUIPlugin
2025-09-28 18:35:21,923 [INFO] PluginManager:220 - loadIPPluginJar : add dma3
2025-09-28 18:35:21,929 [INFO] IPUIPlugin:80 - create IPUIPlugin
2025-09-28 18:35:21,929 [INFO] PluginManager:220 - loadIPPluginJar : add extmemmanager
2025-09-28 18:35:21,933 [INFO] IPUIPlugin:80 - create IPUIPlugin
2025-09-28 18:35:21,933 [INFO] PluginManager:220 - loadIPPluginJar : add fatfs
2025-09-28 18:35:21,940 [INFO] IPUIPlugin:80 - create IPUIPlugin
2025-09-28 18:35:21,941 [INFO] PluginManager:220 - loadIPPluginJar : add fmc
2025-09-28 18:35:21,952 [INFO] IPUIPlugin:80 - create IPUIPlugin
2025-09-28 18:35:21,952 [INFO] PluginManager:220 - loadIPPluginJar : add freertos
2025-09-28 18:35:21,955 [INFO] IPUIPlugin:80 - create IPUIPlugin
2025-09-28 18:35:21,955 [INFO] PluginManager:220 - loadIPPluginJar : add genericplugin
2025-09-28 18:35:21,960 [INFO] IPUIPlugin:80 - create IPUIPlugin
2025-09-28 18:35:21,960 [INFO] PluginManager:220 - loadIPPluginJar : add gfxmmu
2025-09-28 18:35:21,967 [INFO] IPUIPlugin:80 - create IPUIPlugin
2025-09-28 18:35:21,968 [INFO] PluginManager:220 - loadIPPluginJar : add gic
2025-09-28 18:35:21,974 [INFO] IPUIPlugin:80 - create IPUIPlugin
2025-09-28 18:35:21,975 [INFO] PluginManager:220 - loadIPPluginJar : add gpio
2025-09-28 18:35:21,981 [INFO] IPUIPlugin:80 - create IPUIPlugin
2025-09-28 18:35:21,981 [INFO] PluginManager:220 - loadIPPluginJar : add gtzc
2025-09-28 18:35:21,986 [INFO] IPUIPlugin:80 - create IPUIPlugin
2025-09-28 18:35:21,986 [INFO] PluginManager:220 - loadIPPluginJar : add hash
2025-09-28 18:35:21,993 [INFO] IPUIPlugin:80 - create IPUIPlugin
2025-09-28 18:35:21,993 [INFO] PluginManager:220 - loadIPPluginJar : add i2c
2025-09-28 18:35:21,999 [INFO] IPUIPlugin:80 - create IPUIPlugin
2025-09-28 18:35:21,999 [INFO] PluginManager:220 - loadIPPluginJar : add i2s
2025-09-28 18:35:22,007 [INFO] IPUIPlugin:80 - create IPUIPlugin
2025-09-28 18:35:22,008 [INFO] PluginManager:220 - loadIPPluginJar : add i3c
2025-09-28 18:35:22,014 [INFO] IPUIPlugin:80 - create IPUIPlugin
2025-09-28 18:35:22,014 [INFO] PluginManager:220 - loadIPPluginJar : add ipddr
2025-09-28 18:35:22,027 [INFO] IPUIPlugin:80 - create IPUIPlugin
2025-09-28 18:35:22,027 [INFO] PluginManager:220 - loadIPPluginJar : add linkedlist
2025-09-28 18:35:22,034 [INFO] IPUIPlugin:80 - create IPUIPlugin
2025-09-28 18:35:22,035 [INFO] PluginManager:220 - loadIPPluginJar : add lorawan
2025-09-28 18:35:22,039 [INFO] IPUIPlugin:80 - create IPUIPlugin
2025-09-28 18:35:22,041 [INFO] PluginManager:220 - loadIPPluginJar : add ltdc
2025-09-28 18:35:22,053 [INFO] IPUIPlugin:80 - create IPUIPlugin
2025-09-28 18:35:22,053 [INFO] PluginManager:220 - loadIPPluginJar : add mdma
2025-09-28 18:35:22,061 [INFO] IPUIPlugin:80 - create IPUIPlugin
2025-09-28 18:35:22,061 [INFO] PluginManager:220 - loadIPPluginJar : add nvic
2025-09-28 18:35:22,068 [INFO] IPUIPlugin:80 - create IPUIPlugin
2025-09-28 18:35:22,068 [INFO] PluginManager:220 - loadIPPluginJar : add opamp
2025-09-28 18:35:22,076 [INFO] IPUIPlugin:80 - create IPUIPlugin
2025-09-28 18:35:22,076 [INFO] PluginManager:220 - loadIPPluginJar : add openamp
2025-09-28 18:35:22,086 [INFO] IPUIPlugin:80 - create IPUIPlugin
2025-09-28 18:35:22,086 [INFO] PluginManager:220 - loadIPPluginJar : add pdm2pcm
2025-09-28 18:35:22,099 [INFO] IPUIPlugin:80 - create IPUIPlugin
2025-09-28 18:35:22,103 [INFO] PluginManager:220 - loadIPPluginJar : add plateformsettings
2025-09-28 18:35:22,108 [INFO] IPUIPlugin:80 - create IPUIPlugin
2025-09-28 18:35:22,108 [INFO] PluginManager:220 - loadIPPluginJar : add quadspi
2025-09-28 18:35:22,112 [INFO] IPUIPlugin:80 - create IPUIPlugin
2025-09-28 18:35:22,113 [INFO] PluginManager:220 - loadIPPluginJar : add radio
2025-09-28 18:35:22,119 [INFO] IPUIPlugin:80 - create IPUIPlugin
2025-09-28 18:35:22,119 [INFO] PluginManager:220 - loadIPPluginJar : add resmgrutility
2025-09-28 18:35:22,124 [INFO] IPUIPlugin:80 - create IPUIPlugin
2025-09-28 18:35:22,125 [INFO] PluginManager:220 - loadIPPluginJar : add sai
2025-09-28 18:35:22,129 [INFO] IPUIPlugin:80 - create IPUIPlugin
2025-09-28 18:35:22,129 [INFO] PluginManager:220 - loadIPPluginJar : add spi
2025-09-28 18:35:22,141 [INFO] IPUIPlugin:80 - create IPUIPlugin
2025-09-28 18:35:22,141 [INFO] PluginManager:220 - loadIPPluginJar : add stm32_wpan
2025-09-28 18:35:22,145 [INFO] IPUIPlugin:80 - create IPUIPlugin
2025-09-28 18:35:22,145 [INFO] PluginManager:220 - loadIPPluginJar : add tim
2025-09-28 18:35:22,151 [INFO] IPUIPlugin:80 - create IPUIPlugin
2025-09-28 18:35:22,151 [INFO] PluginManager:220 - loadIPPluginJar : add touchsensing
2025-09-28 18:35:22,156 [INFO] IPUIPlugin:80 - create IPUIPlugin
2025-09-28 18:35:22,156 [INFO] PluginManager:220 - loadIPPluginJar : add tracer_emb
2025-09-28 18:35:22,160 [INFO] IPUIPlugin:80 - create IPUIPlugin
2025-09-28 18:35:22,160 [INFO] PluginManager:220 - loadIPPluginJar : add ts
2025-09-28 18:35:22,163 [INFO] IPUIPlugin:80 - create IPUIPlugin
2025-09-28 18:35:22,163 [INFO] PluginManager:220 - loadIPPluginJar : add tsc
2025-09-28 18:35:22,168 [INFO] IPUIPlugin:80 - create IPUIPlugin
2025-09-28 18:35:22,168 [INFO] PluginManager:220 - loadIPPluginJar : add ucpd
2025-09-28 18:35:22,172 [INFO] IPUIPlugin:80 - create IPUIPlugin
2025-09-28 18:35:22,172 [INFO] PluginManager:220 - loadIPPluginJar : add usart
2025-09-28 18:35:22,178 [INFO] IPUIPlugin:80 - create IPUIPlugin
2025-09-28 18:35:22,178 [INFO] PluginManager:220 - loadIPPluginJar : add usbx
2025-09-28 18:35:22,356 [FATAL] Updater:351 - Updater called before beeing initialized
2025-09-28 18:35:22,409 [INFO] RulesReader:64 - Compatibility file has been processed (317 Rules)
2025-09-28 18:35:22,433 [INFO] RulesReader:64 - Compatibility file has been processed (317 Rules)
2025-09-28 18:35:22,448 [INFO] CADModel:165 - CPN selected for project level
2025-09-28 18:35:22,448 [INFO] CADModel:114 - Register for checkConnection events
2025-09-28 18:35:22,448 [FATAL] Updater:351 - Updater called before beeing initialized
2025-09-28 18:35:22,449 [ERROR] CADModel:125 - Updater not yet initialized, retry later 
2025-09-28 18:35:22,766 [FATAL] Updater:351 - Updater called before beeing initialized
2025-09-28 18:35:22,772 [INFO] CADModel:165 - CPN selected for project level
2025-09-28 18:35:22,772 [INFO] CADModel:114 - Register for checkConnection events
2025-09-28 18:35:22,772 [FATAL] Updater:351 - Updater called before beeing initialized
2025-09-28 18:35:22,772 [ERROR] CADModel:125 - Updater not yet initialized, retry later 
2025-09-28 18:35:22,776 [FATAL] Updater:351 - Updater called before beeing initialized
2025-09-28 18:35:22,972 [FATAL] Updater:351 - Updater called before beeing initialized
2025-09-28 18:35:22,980 [INFO] DbMcusAds:53 - JSON generation date=Tue Jul 08 13:44:23 IST 2025 (1751962463524)
2025-09-28 18:35:22,980 [FATAL] Updater:351 - Updater called before beeing initialized
2025-09-28 18:35:23,049 [WARN] DetailPanel:346 - Failed to get advertising image, set to default
2025-09-28 18:35:23,209 [FATAL] Updater:351 - Updater called before beeing initialized
2025-09-28 18:35:23,211 [FATAL] Updater:351 - Updater called before beeing initialized
2025-09-28 18:35:23,212 [FATAL] Updater:351 - Updater called before beeing initialized
2025-09-28 18:35:23,212 [WARN] DetailPanel:346 - Failed to get advertising image, set to default
2025-09-28 18:35:23,213 [FATAL] Updater:351 - Updater called before beeing initialized
2025-09-28 18:35:23,302 [ERROR] Updater:1198 - MainUpdater not yet initialized. External WinMGr cannot be set.
2025-09-28 18:35:23,306 [INFO] Updater:1134 - Updater Version found : 6.15.0
2025-09-28 18:35:23,337 [INFO] ApplicationProperties:184 - Using Application install path: C:\ST\STM32CubeIDE_1.19.0\STM32CubeIDE\plugins\com.st.stm32cube.common.mx_6.15.0.202507011659
2025-09-28 18:35:23,706 [INFO] ThirdPartyUpdaterWithRetryManager:70 - Updater plugin not ready yet. [2/15]
2025-09-28 18:35:24,948 [ERROR] LogOutputStream:75 - [STDERR_REDIRECT] Sep 28, 2025 6:35:24 PM java.util.prefs.WindowsPreferences <init>
2025-09-28 18:35:24,951 [ERROR] LogOutputStream:75 - [STDERR_REDIRECT] WARNING: Could not open/create prefs root node Software\JavaSoft\Prefs at root 0xffffffff80000002. Windows RegCreateKeyEx(...) returned error code 5.
2025-09-28 18:35:24,951 [ERROR] LogOutputStream:75 - [STDERR_REDIRECT] 
2025-09-28 18:35:26,090 [INFO] MainUpdater:2872 - connection check result : 10
2025-09-28 18:35:26,092 [INFO] MainUpdater:289 - Updater Check For Update Now.
2025-09-28 18:35:26,092 [INFO] MicroXplorer:498 - Change Database Version : DB.6.0.150
2025-09-28 18:35:26,125 [INFO] McuFinderGlobals:63 - Set McuFinder mode to 2 (CubeIDE integrated)
2025-09-28 18:35:26,128 [INFO] UserAuth:487 - Internet connection configuration mode: 1
2025-09-28 18:35:26,192 [INFO] JxBrowserEngine:152 - Initiate JxBrowser Engine with user profile folder
2025-09-28 18:35:26,409 [INFO] CheckServerUpdateThread:120 - End of CheckServer Thread
2025-09-28 18:35:27,449 [WARN] PackLoader:240 - Cannot read IP mode file for STMicroelectronics.FP-SNS-MOTENVWB1.1.4.0
2025-09-28 18:35:27,467 [WARN] PackLoader:240 - Cannot read IP mode file for STMicroelectronics.FP-ATR-ASTRA1.2.0.2
2025-09-28 18:35:27,476 [WARN] PackLoader:240 - Cannot read IP mode file for STMicroelectronics.FP-ATR-ASTRA1.2.0.1
2025-09-28 18:35:27,493 [WARN] PackLoader:240 - Cannot read IP mode file for STMicroelectronics.X-CUBE-SMBUS.2.1.0
2025-09-28 18:35:27,508 [WARN] PackLoader:240 - Cannot read IP mode file for STMicroelectronics.X-CUBE-WB05N.1.1.0
2025-09-28 18:35:27,520 [WARN] PackLoader:240 - Cannot read IP mode file for STMicroelectronics.X-CUBE-ST60.1.0.0
2025-09-28 18:35:27,585 [WARN] PackLoader:240 - Cannot read IP mode file for STMicroelectronics.X-CUBE-AZRTOS-F7.1.1.0
2025-09-28 18:35:27,712 [WARN] PackLoader:240 - Cannot read IP mode file for STMicroelectronics.X-CUBE-MEMS1.11.0.0
2025-09-28 18:35:28,163 [WARN] PackLoader:240 - Cannot read IP mode file for STMicroelectronics.FP-SNS-FLIGHT1.5.0.2
2025-09-28 18:35:28,215 [WARN] PackLoader:240 - Cannot read IP mode file for Infineon.AIROC-Wi-Fi-Bluetooth-STM32.1.7.1
2025-09-28 18:35:28,267 [WARN] PackLoader:240 - Cannot read IP mode file for STMicroelectronics.X-CUBE-AZRTOS-H7.3.4.0
2025-09-28 18:35:28,294 [WARN] PackLoader:240 - Cannot read IP mode file for STMicroelectronics.X-CUBE-DISPLAY.3.0.0
2025-09-28 18:35:28,312 [WARN] PackLoader:240 - Cannot read IP mode file for STMicroelectronics.X-CUBE-BLE1.7.0.0
2025-09-28 18:35:28,323 [WARN] PackLoader:240 - Cannot read IP mode file for STMicroelectronics.X-CUBE-NFC10.1.0.0
2025-09-28 18:35:28,340 [WARN] PackLoader:240 - Cannot read IP mode file for STMicroelectronics.X-CUBE-BLEMGR.4.0.0
2025-09-28 18:35:28,353 [WARN] PackLoader:240 - Cannot read IP mode file for emotas.I-CUBE-CANOPEN.1.3.0
2025-09-28 18:35:28,361 [WARN] ConditionMgr:438 - getConditionDescription Invalid condition id : Cortex-A Device cause : null
2025-09-28 18:35:28,381 [WARN] ConditionMgr:1044 - genDependencies : Invalid condition id : Cortex-A Device cause : null
2025-09-28 18:35:28,381 [WARN] ConditionMgr:1044 - genDependencies : Invalid condition id : Cortex-A Device cause : null
2025-09-28 18:35:28,382 [WARN] ConditionMgr:1044 - genDependencies : Invalid condition id : Cortex-A Device cause : null
2025-09-28 18:35:28,395 [WARN] PackLoader:240 - Cannot read IP mode file for STMicroelectronics.X-CUBE-BLEMGR.3.1.0
2025-09-28 18:35:28,407 [WARN] PackLoader:240 - Cannot read IP mode file for STMicroelectronics.X-CUBE-AI.10.0.0
2025-09-28 18:35:28,436 [WARN] PackLoader:240 - Cannot read IP mode file for STMicroelectronics.FP-SNS-STBOX1.2.1.0
2025-09-28 18:35:28,455 [WARN] PackLoader:240 - Cannot read IP mode file for STMicroelectronics.FP-SNS-SMARTAG2.1.2.0
2025-09-28 18:35:28,462 [WARN] PackLoader:240 - Cannot read IP mode file for STMicroelectronics.FP-SNS-FLIGHT1.5.1.0
2025-09-28 18:35:28,616 [WARN] PackLoader:240 - Cannot read IP mode file for STMicroelectronics.X-CUBE-MEMS1.11.1.0
2025-09-28 18:35:28,627 [INFO] WebApp:169 - Instantiating new browser for Auth
2025-09-28 18:35:28,879 [INFO] LogOutputStream:77 - [STDOUT_REDIRECT] 1 : Invalid condition id : UX_CORESTACK_Condition cause : null
2025-09-28 18:35:28,881 [INFO] LogOutputStream:77 - [STDOUT_REDIRECT] 1 : Invalid condition id : UX_CORESTACK_Condition cause : null
2025-09-28 18:35:28,883 [INFO] LogOutputStream:77 - [STDOUT_REDIRECT] 1 : Invalid condition id : UX_CORESTACK_Condition cause : null
2025-09-28 18:35:28,886 [INFO] LogOutputStream:77 - [STDOUT_REDIRECT] 1 : Invalid condition id : UX_CORESTACK_Condition cause : null
2025-09-28 18:35:28,887 [INFO] LogOutputStream:77 - [STDOUT_REDIRECT] 1 : Invalid condition id : UX_CORESTACK_Condition cause : null
2025-09-28 18:35:28,893 [WARN] PackLoader:240 - Cannot read IP mode file for STMicroelectronics.X-CUBE-AZRTOS-WL.2.0.0
2025-09-28 18:35:28,902 [WARN] PackLoader:240 - Cannot read IP mode file for STMicroelectronics.FP-SNS-MOTENV1.5.0.0
2025-09-28 18:35:28,912 [WARN] PackLoader:240 - Cannot read IP mode file for wolfSSL.I-CUBE-wolfMQTT.1.19.0
2025-09-28 18:35:28,930 [WARN] PackLoader:240 - Cannot read IP mode file for WES.I-CUBE-Cesium.1.3.0
2025-09-28 18:35:28,939 [WARN] PackLoader:240 - Cannot read IP mode file for STMicroelectronics.X-CUBE-BLE2.3.3.0
2025-09-28 18:35:28,949 [WARN] PackLoader:240 - Cannot read IP mode file for STMicroelectronics.X-CUBE-NFC9.1.0.0
2025-09-28 18:35:28,958 [WARN] PackLoader:240 - Cannot read IP mode file for wolfSSL.I-CUBE-wolfSSL.5.8.0
2025-09-28 18:35:28,966 [WARN] PackLoader:240 - Cannot read IP mode file for STMicroelectronics.X-CUBE-BLE1.7.1.0
2025-09-28 18:35:28,974 [WARN] PackLoader:240 - Cannot read IP mode file for wolfSSL.I-CUBE-wolfMQTT.1.19.2
2025-09-28 18:35:28,984 [WARN] PackLoader:240 - Cannot read IP mode file for STMicroelectronics.X-CUBE-TCPP.4.1.0
2025-09-28 18:35:28,997 [WARN] PackLoader:240 - Cannot read IP mode file for STMicroelectronics.X-CUBE-EEPRMA1.5.2.0
2025-09-28 18:35:29,015 [WARN] PackLoader:240 - Cannot read IP mode file for STMicroelectronics.X-CUBE-AI.10.1.0
2025-09-28 18:35:29,092 [WARN] PackLoader:240 - Cannot read IP mode file for STMicroelectronics.X-CUBE-MEMS1.11.2.0
2025-09-28 18:35:29,292 [WARN] PackLoader:240 - Cannot read IP mode file for STMicroelectronics.X-CUBE-AZRTOS-G0.1.1.0
2025-09-28 18:35:29,308 [WARN] PackLoader:240 - Cannot read IP mode file for STMicroelectronics.X-CUBE-SAFEA1.1.2.2
2025-09-28 18:35:29,319 [WARN] PackLoader:240 - Cannot read IP mode file for STMicroelectronics.X-CUBE-NFC4.3.0.0
2025-09-28 18:35:29,361 [WARN] PackLoader:240 - Cannot read IP mode file for EmbeddedOffice.I-CUBE-FS-RTOS.1.0.1
2025-09-28 18:35:29,371 [WARN] PackLoader:240 - Cannot read IP mode file for STMicroelectronics.X-CUBE-WB05N.2.0.0
2025-09-28 18:35:29,378 [WARN] PackLoader:240 - Cannot read IP mode file for wolfSSL.I-CUBE-wolfTPM.3.8.0
2025-09-28 18:35:29,386 [WARN] PackLoader:240 - Cannot read IP mode file for STMicroelectronics.X-CUBE-TCPP.4.2.0
2025-09-28 18:35:29,395 [WARN] PackLoader:240 - Cannot read IP mode file for RealThread.X-CUBE-RT-Thread_Nano.4.1.1
2025-09-28 18:35:29,405 [WARN] PackLoader:240 - Cannot read IP mode file for STMicroelectronics.FP-ATR-SIGFOX1.3.2.0
2025-09-28 18:35:29,415 [WARN] PackLoader:240 - Cannot read IP mode file for wolfSSL.I-CUBE-wolfSSL.5.7.2
2025-09-28 18:35:29,424 [WARN] ConditionMgr:438 - getConditionDescription Invalid condition id : Cortex-A Device cause : null
2025-09-28 18:35:29,442 [WARN] ConditionMgr:1044 - genDependencies : Invalid condition id : Cortex-A Device cause : null
2025-09-28 18:35:29,442 [WARN] ConditionMgr:1044 - genDependencies : Invalid condition id : Cortex-A Device cause : null
2025-09-28 18:35:29,442 [WARN] ConditionMgr:1044 - genDependencies : Invalid condition id : Cortex-A Device cause : null
2025-09-28 18:35:29,453 [WARN] PackLoader:240 - Cannot read IP mode file for STMicroelectronics.X-CUBE-EEPRMA1.5.1.0
2025-09-28 18:35:29,467 [WARN] PackLoader:240 - Cannot read IP mode file for ITTIA_DB.I-CUBE-ITTIADB.8.9.0
2025-09-28 18:35:29,484 [WARN] PackLoader:240 - Cannot read IP mode file for STMicroelectronics.X-CUBE-ST67W61.1.0.0
2025-09-28 18:35:29,493 [WARN] PackLoader:240 - Cannot read IP mode file for STMicroelectronics.X-CUBE-AI.10.2.0
2025-09-28 18:35:29,534 [WARN] PackLoader:240 - Cannot read IP mode file for SEGGER.I-CUBE-embOS.1.3.1
2025-09-28 18:35:29,609 [WARN] PackLoader:240 - Cannot read IP mode file for STMicroelectronics.X-CUBE-ALGOBUILD.1.4.0
2025-09-28 18:35:29,694 [WARN] PackLoader:240 - Cannot read IP mode file for STMicroelectronics.X-CUBE-MEMS1.11.3.0
2025-09-28 18:35:29,941 [WARN] PackLoader:240 - Cannot read IP mode file for STMicroelectronics.X-CUBE-AI.9.1.0
2025-09-28 18:35:29,949 [WARN] PackLoader:240 - Cannot read IP mode file for STMicroelectronics.X-CUBE-PM33A1.1.0.0
2025-09-28 18:35:29,978 [WARN] PackLoader:240 - Cannot read IP mode file for STMicroelectronics.X-CUBE-AZRTOS-F4.1.1.0
2025-09-28 18:35:30,013 [WARN] PackLoader:240 - Cannot read IP mode file for Avnet-IotConnect.X-CUBE-IoTC-DA16k-PMOD.1.0.0
2025-09-28 18:35:30,023 [WARN] PackLoader:240 - Cannot read IP mode file for STMicroelectronics.X-CUBE-ISPU.2.1.0
2025-09-28 18:35:30,034 [WARN] PackLoader:240 - Cannot read IP mode file for STMicroelectronics.X-CUBE-FREERTOS.1.2.0
2025-09-28 18:35:30,048 [WARN] PackLoader:240 - Cannot read IP mode file for STMicroelectronics.X-CUBE-NFC12.1.0.0
2025-09-28 18:35:30,084 [WARN] PackLoader:240 - Cannot read IP mode file for STMicroelectronics.X-CUBE-AZRTOS-L5.2.0.0
2025-09-28 18:35:30,105 [WARN] PackLoader:240 - Cannot read IP mode file for STMicroelectronics.X-CUBE-NFC6.3.1.0
2025-09-28 18:35:30,119 [WARN] PackLoader:240 - Cannot read IP mode file for STMicroelectronics.X-CUBE-DPower.1.2.0
2025-09-28 18:35:30,131 [WARN] PackLoader:240 - Cannot read IP mode file for STMicroelectronics.X-CUBE-FREERTOS.1.3.1
2025-09-28 18:35:30,141 [WARN] PackLoader:240 - Cannot read IP mode file for STMicroelectronics.X-CUBE-FREERTOS.1.3.0
2025-09-28 18:35:30,153 [WARN] PackLoader:240 - Cannot read IP mode file for STMicroelectronics.X-CUBE-NFC7.1.0.1
2025-09-28 18:35:30,165 [WARN] PackLoader:240 - Cannot read IP mode file for STMicroelectronics.FP-SNS-STAIOTCFT.1.0.0
2025-09-28 18:35:30,175 [WARN] PackLoader:240 - Cannot read IP mode file for STMicroelectronics.X-CUBE-DPower.1.3.0
2025-09-28 18:35:30,214 [WARN] ConditionMgr:438 - getConditionDescription Invalid condition id : LAN8742 Phy interface Condition cause : null
2025-09-28 18:35:30,215 [WARN] PackLoader:240 - Cannot read IP mode file for STMicroelectronics.X-CUBE-AZRTOS-L4.2.0.0
2025-09-28 18:35:30,218 [WARN] ConditionMgr:1044 - genDependencies : Invalid condition id : LAN8742 Phy interface Condition cause : null
2025-09-28 18:35:30,218 [WARN] ConditionMgr:1044 - genDependencies : Invalid condition id : LAN8742 Phy interface Condition cause : null
2025-09-28 18:35:30,219 [WARN] ConditionMgr:1044 - genDependencies : Invalid condition id : LAN8742 Phy interface Condition cause : null
2025-09-28 18:35:30,237 [WARN] PackLoader:240 - Cannot read IP mode file for STMicroelectronics.X-CUBE-SFXS2LP1.4.0.0
2025-09-28 18:35:30,297 [WARN] PackLoader:240 - Cannot read IP mode file for STMicroelectronics.X-CUBE-AZRTOS-H7.3.3.0
2025-09-28 18:35:30,332 [WARN] PackLoader:240 - Cannot read IP mode file for STMicroelectronics.X-CUBE-BLEMGR.4.1.0
2025-09-28 18:35:30,360 [WARN] PackLoader:240 - Cannot read IP mode file for STMicroelectronics.X-CUBE-IPS.3.0.0
2025-09-28 18:35:30,386 [WARN] ConditionMgr:438 - getConditionDescription Invalid condition id : UX DEVICE CLASS RTOS Condition cause : null
2025-09-28 18:35:30,387 [WARN] ConditionMgr:438 - getConditionDescription Invalid condition id : UX DEVICE CLASS RTOS Condition cause : null
2025-09-28 18:35:30,393 [WARN] PackLoader:240 - Cannot read IP mode file for STMicroelectronics.X-CUBE-AZRTOS-WB.2.0.0
2025-09-28 18:35:30,394 [WARN] ConditionMgr:1044 - genDependencies : Invalid condition id : UX DEVICE CLASS RTOS Condition cause : null
2025-09-28 18:35:30,395 [WARN] ConditionMgr:1044 - genDependencies : Invalid condition id : UX DEVICE CLASS RTOS Condition cause : null
2025-09-28 18:35:30,396 [WARN] ConditionMgr:1044 - genDependencies : Invalid condition id : UX DEVICE CLASS RTOS Condition cause : null
2025-09-28 18:35:30,397 [WARN] ConditionMgr:1044 - genDependencies : Invalid condition id : UX DEVICE CLASS RTOS Condition cause : null
2025-09-28 18:35:30,398 [WARN] ConditionMgr:1044 - genDependencies : Invalid condition id : UX DEVICE CLASS RTOS Condition cause : null
2025-09-28 18:35:30,411 [WARN] PackLoader:240 - Cannot read IP mode file for STMicroelectronics.X-CUBE-GNSS1.7.0.0
2025-09-28 18:35:30,422 [WARN] PackLoader:240 - Cannot read IP mode file for STMicroelectronics.X-CUBE-GNSS1.7.0.1
2025-09-28 18:35:30,434 [WARN] PackLoader:240 - Cannot read IP mode file for STMicroelectronics.X-CUBE-TOUCHGFX.4.25.0
2025-09-28 18:35:30,447 [WARN] PackLoader:240 - Cannot read IP mode file for STMicroelectronics.FP-SNS-STBOX1.2.0.0
2025-09-28 18:35:30,475 [WARN] PackLoader:240 - Cannot read IP mode file for STMicroelectronics.X-CUBE-SUBG2.5.0.0
2025-09-28 18:35:30,539 [WARN] PackLoader:240 - Cannot read IP mode file for STMicroelectronics.X-CUBE-AZRTOS-H7RS.1.1.0
2025-09-28 18:35:30,726 [INFO] WebApp:463 - Apply proxy settings
2025-09-28 18:35:30,727 [INFO] WebApp:548 - Chromium requires no authentication
2025-09-28 18:35:30,761 [INFO] WebApp:491 - Direct internet connection detected
2025-09-28 18:35:30,827 [WARN] PackLoader:240 - Cannot read IP mode file for Cesanta.I-CUBE-Mongoose.7.13.0
2025-09-28 18:35:30,840 [INFO] WebApp:900 - Register for checkConnection events
2025-09-28 18:35:30,840 [INFO] WebApp:463 - Apply proxy settings
2025-09-28 18:35:30,840 [INFO] WebApp:548 - Chromium requires no authentication
2025-09-28 18:35:30,843 [INFO] WebApp:491 - Direct internet connection detected
2025-09-28 18:35:30,850 [WARN] PackLoader:240 - Cannot read IP mode file for STMicroelectronics.X-CUBE-AZRTOS-G4.2.0.0
2025-09-28 18:35:30,861 [WARN] PackLoader:240 - Cannot read IP mode file for wolfSSL.I-CUBE-wolfSSH.1.4.20
2025-09-28 18:35:30,867 [WARN] PackLoader:240 - Cannot read IP mode file for STMicroelectronics.X-CUBE-NFC7.2.0.0
2025-09-28 18:35:30,884 [WARN] PackLoader:240 - Cannot read IP mode file for STMicroelectronics.X-CUBE-IPS.3.1.0
2025-09-28 18:35:30,901 [WARN] PackLoader:240 - Cannot read IP mode file for STMicroelectronics.X-CUBE-ALS.1.0.2
2025-09-28 18:35:30,906 [WARN] PackLoader:240 - Cannot read IP mode file for STMicroelectronics.X-CUBE-TOUCHGFX.4.24.2
2025-09-28 18:35:30,913 [WARN] PackLoader:240 - Cannot read IP mode file for STMicroelectronics.X-CUBE-TOUCHGFX.4.24.1
2025-09-28 18:35:30,923 [WARN] PackLoader:240 - Cannot read IP mode file for STMicroelectronics.X-CUBE-STSE01.1.0.0
2025-09-28 18:35:30,929 [WARN] PackLoader:240 - Cannot read IP mode file for wolfSSL.I-CUBE-wolfTPM.3.4.0
2025-09-28 18:35:30,942 [WARN] PackLoader:240 - Cannot read IP mode file for portGmbH.I-Cube-SoM-uGOAL.1.1.0
2025-09-28 18:35:30,965 [WARN] PackLoader:240 - Cannot read IP mode file for STMicroelectronics.X-CUBE-AZRTOS-H7RS.1.0.0
2025-09-28 18:35:30,974 [WARN] PackLoader:240 - Cannot read IP mode file for STMicroelectronics.FP-ATR-ASTRA1.2.0.0
2025-09-28 18:35:30,990 [WARN] PackLoader:240 - Cannot read IP mode file for STMicroelectronics.X-CUBE-TOF1.3.4.2
2025-09-28 18:35:31,013 [WARN] PackLoader:240 - Cannot read IP mode file for STMicroelectronics.X-CUBE-TOF1.3.4.3
2025-09-28 18:35:31,046 [WARN] PackLoader:240 - Cannot read IP mode file for Infineon.AIROC-Wi-Fi-Bluetooth-STM32.1.6.1
2025-09-28 18:35:31,053 [WARN] PackLoader:240 - Cannot read IP mode file for wolfSSL.I-CUBE-wolfSSH.1.4.17
2025-09-28 18:35:31,055 [INFO] ThirdParty:978 - Integrity check success = true
2025-09-28 18:35:31,055 [INFO] IntegrityCheckThread:100 - exiting critical section [integrity check]
2025-09-28 18:35:31,055 [INFO] IntegrityCheckThread:103 - End integrity checks thread
2025-09-28 18:35:31,344 [INFO] WebApp:225 - Starting web application
2025-09-28 18:35:31,344 [INFO] WebApp:593 - Web application path used C:\ST\STM32CubeIDE_1.19.0\STM32CubeIDE\plugins\com.st.stm32cube.common.mx_6.15.0.202507011659\db\plugins\mcufinder\reactClient1\index.html
2025-09-28 18:35:31,792 [INFO] UserAuth:487 - Internet connection configuration mode: 1
2025-09-28 18:35:31,936 [INFO] WebApp:191 - Connection restablished
2025-09-28 18:41:00,824 [ERROR] LogOutputStream:75 - [STDERR_REDIRECT] 
