Counter without Race Condition using Mutex
TASK 1,0
TASK 2,1
TASK 1,2
TASK 2,3
TASK 1,4
TASK 2,5
TASK 1,6
TASK 2,7
TASK 1,8
TASK 2,9
TASK 1,10
TASK 2,11
TASK 1,12
TASK 2,13
TASK 1,14
TASK 2,15
TASK 1,16
TASK 2,17
TASK 1,18
TASK 2,19
TASK 1,20
TASK 2,21
TASK 1,22
TASK 2,23
TASK 1,24
TASK 2,25
TASK 1,26
TASK 2,27
TASK 1,28
TASK 2,29
TASK 1,30
TASK 2,31
TASK 1,32
TASK 2,33
TASK 1,34
TASK 2,35
TASK 1,36
TASK 2,37
TASK 1,38
TASK 2,39
TASK 1,40
TASK 2,41
TASK 1,42
TASK 2,43
TASK 1,44
TASK 2,45
TASK 1,46
TASK 2,47
TASK 1,48
TASK 2,49
TASK 1,50
TASK 2,51
TASK 1,52
TASK 2,53
TASK 1,54
TASK 2,55
TASK 1,56
TASK 2,57
TASK 1,58
TASK 2,59
TASK 1,60
TASK 2,61
TASK 1,62
TASK 2,63
TASK 1,64
TASK 2,65
TASK 1,66
TASK 2,67
TASK 1,68
TASK 2,69
TASK 1,70
TASK 2,71
TASK 1,72
TASK 2,73
TASK 1,74
TASK 2,75
TASK 1,76
TASK 2,77
TASK 1,78
TASK 2,79
TASK 1,80
TASK 2,81
TASK 1,82
TASK 2,83
TASK 1,84
TASK 2,85
TASK 1,86
TASK 2,87
TASK 1,88
TASK 2,89
TASK 1,90
TASK 2,91
TASK 1,92
TASK 2,93
TASK 1,94
TASK 2,95
TASK 1,96
TASK 2,97
TASK 1,98
TASK 2,99
TASK 1,100
Counter without Race Condition using Mutex
TASK 1,0
TASK 2,1
TASK 1,2
TASK 2,3
TASK 1,4
TASK 2,5
TASK 1,6
TASK 2,7
TASK 1,8
TASK 2,9
TASK 1,10
TASK 2,11
TASK 1,12
TASK 2,13
TASK 1,14
TASK 2,15
TASK 1,16
TASK 2,17
TASK 1,18
TASK 2,19
TASK 1,20
TASK 2,21
TASK 1,22
TASK 2,23
TASK 1,24
TASK 2,25
TASK 1,26
TASK 2,27
TASK 1,28
TASK 2,29
TASK 1,30
TASK 2,31
TASK 1,32
TASK 2,33
TASK 1,34
TASK 2,35
TASK 1,36
TASK 2,37
TASK 1,38
TASK 2,39
TASK 1,40
TASK 2,41
TASK 1,42
TASK 2,43
TASK 1,44
TASK 2,45
TASK 1,46
TASK 2,47
TASK 1,48
TASK 2,49
TASK 1,50
TASK 2,51
TASK 1,52
TASK 2,53
TASK 1,54
TASK 2,55
TASK 1,56
TASK 2,57
TASK 1,58
TASK 2,59
TASK 1,60
TASK 2,61
TASK 1,62
TASK 2,63
TASK 1,64
TASK 2,65
TASK 1,66
TASK 2,67
TASK 1,68
TASK 2,69
TASK 1,70
TASK 2,71
TASK 1,72
TASK 2,73
TASK 1,74
TASK 2,75
TASK 1,76
TASK 2,77
TASK 1,78
TASK 2,79
TASK 1,80
TASK 2,81
TASK 1,82
TASK 2,83
TASK 1,84
TASK 2,85
TASK 1,86
TASK 2,87
TASK 1,88
TASK 2,89
TASK 1,90
TASK 2,91
TASK 1,92
TASK 2,93
TASK 1,94
TASK 2,95
TASK 1,96
TASK 2,97
TASK 1,98
TASK 2,99
TASK 1,100
Counter without Race Condition using Mutex
TASK 1 -> 0
TASK 2 -> 1
TASK 1 -> 2
TASK 2 -> 3
TASK 1 -> 4
TASK 2 -> 5
TASK 1 -> 6
TASK 2 -> 7
TASK 1 -> 8
TASK 2 -> 9
TASK 1 -> 10
TASK 2 -> 11
TASK 1 -> 12
TASK 2 -> 13
TASK 1 -> 14
TASK 2 -> 15
TASK 1 -> 16
TASK 2 -> 17
TASK 1 -> 18
TASK 2 -> 19
TASK 1 -> 20
TASK 2 -> 21
TASK 1 -> 22
TASK 2 -> 23
TASK 1 -> 24
TASK 2 -> 25
TASK 1 -> 26
TASK 2 -> 27
TASK 1 -> 28
TASK 2 -> 29
TASK 1 -> 30
TASK 2 -> 31
TASK 1 -> 32
TASK 2 -> 33
Counter without Race Condition using Mutex
TASK 1 -> 0
TASK 2 -> 1
TASK 1 -> 2
TASK 2 -> 3
TASK 1 -> 4
TASK 2 -> 5
TASK 1 -> 6
TASK 2 -> 7
TASK 1 -> 8
TASK 2 -> 9
TASK 1 -> 10
TASK 2 -> 11
TASK 1 -> 12
TASK 2 -> 13
TASK 1 -> 14
TASK 2 -> 15
TASK 1 -> 16
TASK 2 -> 17
TASK 1 -> 18
TASK 2 -> 19
TASK 1 -> 20
TASK 2 -> 21
TASK 1 -> 22
TASK 2 -> 23
TASK 1 -> 24
TASK 2 -> 25
TASK 1 -> 26
TASK 2 -> 27
TASK 1 -> 28
TASK 2 -> 29
TASK 1 -> 30
TASK 2 -> 31
TASK 1 -> 32
TASK 2 -> 33
TASK 1 -> 34
TASK 2 -> 35
TASK 1 -> 36
TASK 2 -> 37
TASK 1 -> 38
TASK 2 -> 39
TASK 1 -> 40
TASK 2 -> 41
TASK 1 -> 42
TASK 2 -> 43
TASK 1 -> 44
TASK 2 -> 45
TASK 1 -> 46
TASK 2 -> 47
TASK 1 -> 48
TASK 2 -> 49
TASK 1 -> 50
TASK 2 -> 51
TASK 1 -> 52
TASK 2 -> 53
TASK 1 -> 54
TASK 2 -> 55
TASK 1 -> 56
TASK 2 -> 57
TASK 1 -> 58
TASK 2 -> 59
TASK 1 -> 60
TASK 2 -> 61
TASK 1 -> 62
TASK 2 -> 63
TASK 1 -> 64
TASK 2 -> 65
TASK 1 -> 66
TASK 2 -> 67
TASK 1 -> 68
TASK 2 -> 69
TASK 1 -> 70
TASK 2 -> 71
TASK 1 -> 72
TASK 2 -> 73
TASK 1 -> 74
TASK 2 -> 75
TASK 1 -> 76
TASK 2 -> 77
TASK 1 -> 78
TASK 2 -> 79
TASK 1 -> 80
TASK 2 -> 81
TASK 1 -> 82
TASK 2 -> 83
TASK 1 -> 84
TASK 2 -> 85
TASK 1 -> 86
TASK 2 -> 87
TASK 1 -> 88
TASK 2 -> 89
TASK 1 -> 90
TASK 2 -> 91
TASK 1 -> 92
TASK 2 -> 93
TASK 1 -> 94
TASK 2 -> 95
TASK 1 -> 96
TASK 2 -> 97
TASK 1 -> 98
TASK 2 -> 99
TASK 1 -> 100
Counter without Race Condition using Mutex
TASK 1 -> 0
